INFO - 2025-08-12 15:05:48 --> CSRF token verified.
INFO - 2025-08-12 19:28:41 --> CSRF token verified.
CRITICAL - 2025-08-12 19:28:41 --> Object of class stdClass could not be converted to int
in APPPATH\Models\AccountModel.php on line 96.
 1 APPPATH\Models\AccountModel.php(96): CodeIgniter\Debug\Exceptions->errorHandler(8, 'Object of class stdClass could not be converted to int', 'C:\\laragon\\www\\elms\\app\\Models\\AccountModel.php', 96, [...])
 2 APPPATH\Controllers\HomeController.php(42): App\Models\AccountModel->processsiginmodel('abimbolaoladunni8429@gmail.com', '1')
 3 SYSTEMPATH\CodeIgniter.php(919): App\Controllers\HomeController->processsignin()
 4 SYSTEMPATH\CodeIgniter.php(494): CodeIgniter\CodeIgniter->runController(Object(App\Controllers\HomeController))
 5 SYSTEMPATH\CodeIgniter.php(353): CodeIgniter\CodeIgniter->handleRequest(null, Object(Config\Cache), false)
 6 FCPATH\index.php(79): CodeIgniter\CodeIgniter->run()
CRITICAL - 2025-08-12 19:30:04 --> The action you requested is not allowed.
in SYSTEMPATH\Security\Security.php on line 298.
 1 SYSTEMPATH\Security\Security.php(298): CodeIgniter\Security\Exceptions\SecurityException::forDisallowedAction()
 2 SYSTEMPATH\Filters\CSRF.php(55): CodeIgniter\Security\Security->verify(Object(CodeIgniter\HTTP\IncomingRequest))
 3 SYSTEMPATH\Filters\Filters.php(182): CodeIgniter\Filters\CSRF->before(Object(CodeIgniter\HTTP\IncomingRequest), null)
 4 SYSTEMPATH\CodeIgniter.php(466): CodeIgniter\Filters\Filters->run('processsignin', 'before')
 5 SYSTEMPATH\CodeIgniter.php(353): CodeIgniter\CodeIgniter->handleRequest(null, Object(Config\Cache), false)
 6 FCPATH\index.php(79): CodeIgniter\CodeIgniter->run()
INFO - 2025-08-12 19:30:19 --> CSRF token verified.
INFO - 2025-08-12 19:31:11 --> CSRF token verified.
INFO - 2025-08-12 19:31:35 --> CSRF token verified.
